<!DOCTYPE html PUBLIC "-//W3C//DTD XHTML 1.1//EN" "https://www.w3.org/TR/xhtml11/DTD/xhtml11.dtd">
<html xmlns="https://www.w3.org/1999/xhtml">
<head>
<meta http-equiv="content-type" content="text/html; charset=UTF-8"/>
<title>TestNG Report</title>
<style type="text/css">table {margin-bottom:10px;border-collapse:collapse;empty-cells:show}th,td {border:1px solid #009;padding:.25em .5em}th {vertical-align:bottom}td {vertical-align:top}table a {font-weight:bold}.stripe td {background-color: #E6EBF9}.num {text-align:right}.passedodd td {background-color: #3F3}.passedeven td {background-color: #0A0}.skippedodd td {background-color: #DDD}.skippedeven td {background-color: #CCC}.failedodd td,.attn {background-color: #F33}.failedeven td,.stripe .attn {background-color: #D00}.stacktrace {white-space:pre;font-family:monospace}.totop {font-size:85%;text-align:center;border-bottom:2px solid #000}.invisible {display:none}</style>
</head>
<body>
<table>
<tr><th>Test</th><th># Passed</th><th># Skipped</th><th># Retried</th><th># Failed</th><th>Time (ms)</th><th>Included Groups</th><th>Excluded Groups</th></tr>
<tr><th colspan="8">Surefire suite</th></tr>
<tr><td><a href="#t0">Surefire test</a></td><td class="num">20</td><td class="num">0</td><td class="num">0</td><td class="num attn">4</td><td class="num">119.997</td><td></td><td></td></tr>
</table>
<table id='summary'><thead><tr><th>Class</th><th>Method</th><th>Start</th><th>Time (ms)</th></tr></thead><tbody><tr><th colspan="4">Surefire suite</th></tr></tbody><tbody id="t0"><tr><th colspan="4">Surefire test &#8212; failed</th></tr><tr class="failedeven"><td rowspan="2">webshop.FirstPageTests</td><td><a href="#m0">can_access_pages_from_promos</a></td><td rowspan="1">1631871562801</td><td rowspan="1">4582</td></tr><tr class="failedeven"><td><a href="#m1">can_access_slider_links</a></td><td rowspan="1">1631871567391</td><td rowspan="1">4526</td></tr><tr class="failedodd"><td rowspan="2">webshop.ShopProductTests</td><td><a href="#m2">can_view_old_price_on_sale</a></td><td rowspan="1">1631871664670</td><td rowspan="1">6067</td></tr><tr class="failedodd"><td><a href="#m3">verify_success_add_to_cart_msg</a></td><td rowspan="1">1631871670739</td><td rowspan="1">4255</td></tr><tr><th colspan="4">Surefire test &#8212; passed</th></tr><tr class="passedeven"><td rowspan="2">webshop.FilterSidebarTests</td><td><a href="#m4">can_filter_by_blazers</a></td><td rowspan="1">1631871555049</td><td rowspan="1">3553</td></tr><tr class="passedeven"><td><a href="#m5">can_filter_by_price_kitchen_devices</a></td><td rowspan="1">1631871558695</td><td rowspan="1">4104</td></tr><tr class="passedodd"><td rowspan="5">webshop.LoginFormTests</td><td><a href="#m6">can_login_with_valid_credentials</a></td><td rowspan="1">1631871571931</td><td rowspan="1">3780</td></tr><tr class="passedodd"><td><a href="#m7">can_logout</a></td><td rowspan="1">1631871575718</td><td rowspan="1">1338</td></tr><tr class="passedodd"><td><a href="#m8">cannot_login_with_wrong_password</a></td><td rowspan="1">1631871577059</td><td rowspan="1">1640</td></tr><tr class="passedodd"><td><a href="#m9">cannot_login_without_required_credentials</a></td><td rowspan="1">1631871578700</td><td rowspan="1">938</td></tr><tr class="passedodd"><td><a href="#m10">click_login_links</a></td><td rowspan="1">1631871579639</td><td rowspan="1">597</td></tr><tr class="passedeven"><td rowspan="1">webshop.MenuItemsTests</td><td><a href="#m11">can_access_menu</a></td><td rowspan="1">1631871580237</td><td rowspan="1">14691</td></tr><tr class="passedodd"><td rowspan="2">webshop.RegisterFormTests</td><td><a href="#m12">can_register_with_valid_credentials</a></td><td rowspan="2">1631871598437</td><td rowspan="2">3533</td></tr><tr class="passedodd"><td><a href="#m13">can_register_with_valid_credentials</a></td></tr><tr class="passedeven"><td rowspan="2">webshop.SearchProductTests</td><td><a href="#m14">can_search_by_name</a></td><td rowspan="2">1631871601971</td><td rowspan="2">2130</td></tr><tr class="passedeven"><td><a href="#m15">can_search_by_name</a></td></tr><tr class="passedodd"><td rowspan="8">webshop.ShopProductTests</td><td><a href="#m16">can_add_a_review_to_books</a></td><td rowspan="1">1631871606417</td><td rowspan="1">7366</td></tr><tr class="passedodd"><td><a href="#m17">can_add_to_cart_pants</a></td><td rowspan="1">1631871613785</td><td rowspan="1">5337</td></tr><tr class="passedodd"><td><a href="#m18">can_add_to_cart_shirts_men</a></td><td rowspan="1">1631871619126</td><td rowspan="1">5224</td></tr><tr class="passedodd"><td><a href="#m19">can_add_to_wishlist_men_cloths</a></td><td rowspan="1">1631871624353</td><td rowspan="1">10496</td></tr><tr class="passedodd"><td><a href="#m20">can_change_the_quantity</a></td><td rowspan="1">1631871634851</td><td rowspan="1">4410</td></tr><tr class="passedodd"><td><a href="#m21">can_delete_items_from_cart</a></td><td rowspan="1">1631871639263</td><td rowspan="1">9493</td></tr><tr class="passedodd"><td><a href="#m22">can_open_tab</a></td><td rowspan="1">1631871648757</td><td rowspan="1">3438</td></tr><tr class="passedodd"><td><a href="#m23">can_shop_little_ones_things</a></td><td rowspan="1">1631871652196</td><td rowspan="1">12472</td></tr></tbody>
</table>
<h2>Surefire test</h2><h3 id="m0">webshop.FirstPageTests#can_access_pages_from_promos</h3><table class="result"><tr><th>Exception</th></tr><tr><td><div class="stacktrace">List size mismatch: expected: = 3, actual: 0, collection: .promos li
Elements: []
Screenshot: file:/C:/Users/Raluca/Documents/testare/proiect/webshop/QA-webshop/build/reports/tests/1631871567163.0.png
Page source: file:/C:/Users/Raluca/Documents/testare/proiect/webshop/QA-webshop/build/reports/tests/1631871567163.0.html
Timeout: 4 s.
	at com.codeborne.selenide.collections.ListSize.fail(ListSize.java:32)
	at com.codeborne.selenide.ElementsCollection.waitUntil(ElementsCollection.java:218)
	at com.codeborne.selenide.ElementsCollection.should(ElementsCollection.java:163)
	at com.codeborne.selenide.ElementsCollection.shouldHave(ElementsCollection.java:128)
	at webshop.FirstPageShopping.isPromoBannersVisible(FirstPageShopping.java:48)
	at webshop.FirstPageTests.can_access_pages_from_promos(FirstPageTests.java:36)
	at java.base/java.util.ArrayList.forEach(ArrayList.java:1511)
... Removed 32 stack frames</div></td></tr></table><p class="totop"><a href="#summary">back to summary</a></p>
<h3 id="m1">webshop.FirstPageTests#can_access_slider_links</h3><table class="result"><tr><th>Exception</th></tr><tr><td><div class="stacktrace">Element not found {.slideshow-container ul.slideshow li.cycle-slide-active a}
Expected: visible
Screenshot: file:/C:/Users/Raluca/Documents/testare/proiect/webshop/QA-webshop/build/reports/tests/1631871571666.1.png
Page source: file:/C:/Users/Raluca/Documents/testare/proiect/webshop/QA-webshop/build/reports/tests/1631871571666.1.html
Timeout: 4 s.
Caused by: NoSuchElementException: no such element: Unable to locate element: {&quot;method&quot;:&quot;css selector&quot;,&quot;selector&quot;:&quot;.slideshow-container ul.slideshow li.cycle-slide-active a&quot;}
	at com.codeborne.selenide.impl.WebElementSource.createElementNotFoundError(WebElementSource.java:83)
	at com.codeborne.selenide.impl.ElementFinder.createElementNotFoundError(ElementFinder.java:122)
	at com.codeborne.selenide.impl.WebElementSource.checkCondition(WebElementSource.java:114)
	at com.codeborne.selenide.commands.Should.execute(Should.java:30)
	at com.codeborne.selenide.commands.Should.execute(Should.java:14)
	at com.codeborne.selenide.commands.Commands.execute(Commands.java:155)
	at com.codeborne.selenide.impl.SelenideElementProxy.dispatchAndRetry(SelenideElementProxy.java:133)
	at com.codeborne.selenide.impl.SelenideElementProxy.invoke(SelenideElementProxy.java:85)
	at jdk.proxy2/jdk.proxy2.$Proxy8.shouldBe(Unknown Source)
	at webshop.FirstPageShopping.isSliderVisible(FirstPageShopping.java:27)
	at webshop.FirstPageTests.can_access_slider_links(FirstPageTests.java:21)
	at java.base/java.util.ArrayList.forEach(ArrayList.java:1511)
Caused by: org.openqa.selenium.NoSuchElementException: no such element: Unable to locate element: {&quot;method&quot;:&quot;css selector&quot;,&quot;selector&quot;:&quot;.slideshow-container ul.slideshow li.cycle-slide-active a&quot;}
  (Session info: chrome=93.0.4577.82)
For documentation on this error, please visit: https://www.seleniumhq.org/exceptions/no_such_element.html
Build info: version: &apos;3.141.59&apos;, revision: &apos;e82be7d358&apos;, time: &apos;2018-11-14T08:17:03&apos;
System info: host: &apos;DESKTOP-AI7I6V4&apos;, ip: &apos;192.168.0.102&apos;, os.name: &apos;Windows 10&apos;, os.arch: &apos;amd64&apos;, os.version: &apos;10.0&apos;, java.version: &apos;16.0.1&apos;
Driver info: org.openqa.selenium.chrome.ChromeDriver
Capabilities {acceptInsecureCerts: true, browserName: chrome, browserVersion: 93.0.4577.82, chrome: {chromedriverVersion: 93.0.4577.63 (ff5c0da2ec0ad..., userDataDir: C:\Users\Raluca\AppData\Loc...}, goog:chromeOptions: {debuggerAddress: localhost:64714}, javascriptEnabled: true, networkConnectionEnabled: false, pageLoadStrategy: normal, platform: WINDOWS, platformName: WINDOWS, proxy: Proxy(), setWindowRect: true, strictFileInteractability: false, timeouts: {implicit: 0, pageLoad: 300000, script: 30000}, unhandledPromptBehavior: dismiss and notify, webauthn:extension:credBlob: true, webauthn:extension:largeBlob: true, webauthn:virtualAuthenticators: true}
Session ID: 18d2416fc5e3b00d8a84f82493d2b309
*** Element info: {Using=css selector, value=.slideshow-container ul.slideshow li.cycle-slide-active a}
	at org.openqa.selenium.remote.http.W3CHttpResponseCodec.createException(W3CHttpResponseCodec.java:187)
	at org.openqa.selenium.remote.http.W3CHttpResponseCodec.decode(W3CHttpResponseCodec.java:122)
	at org.openqa.selenium.remote.http.W3CHttpResponseCodec.decode(W3CHttpResponseCodec.java:49)
	at org.openqa.selenium.remote.HttpCommandExecutor.execute(HttpCommandExecutor.java:158)
	at org.openqa.selenium.remote.service.DriverCommandExecutor.execute(DriverCommandExecutor.java:83)
	at org.openqa.selenium.remote.RemoteWebDriver.execute(RemoteWebDriver.java:552)
	at org.openqa.selenium.remote.RemoteWebDriver.findElement(RemoteWebDriver.java:323)
	at org.openqa.selenium.remote.RemoteWebDriver.findElementByCssSelector(RemoteWebDriver.java:420)
	at org.openqa.selenium.By$ByCssSelector.findElement(By.java:431)
	at org.openqa.selenium.remote.RemoteWebDriver.findElement(RemoteWebDriver.java:315)
	at com.codeborne.selenide.impl.WebElementSelector.findElement(WebElementSelector.java:70)
	at com.codeborne.selenide.impl.WebElementSelector.findElement(WebElementSelector.java:44)
	at com.codeborne.selenide.impl.WebElementSelector.findElement(WebElementSelector.java:33)
	at com.codeborne.selenide.impl.ElementFinder.getWebElement(ElementFinder.java:102)
	at com.codeborne.selenide.impl.WebElementSource.checkCondition(WebElementSource.java:99)
	... 41 more
... Removed 36 stack frames</div></td></tr></table><p class="totop"><a href="#summary">back to summary</a></p>
<h3 id="m2">webshop.ShopProductTests#can_view_old_price_on_sale</h3><table class="result"><tr><th>Exception</th></tr><tr><td><div class="stacktrace">Element not found {.products-grid .price-box p.old-price[2]}
Expected: visible
Screenshot: file:/C:/Users/Raluca/Documents/testare/proiect/webshop/QA-webshop/build/reports/tests/1631871670498.2.png
Page source: file:/C:/Users/Raluca/Documents/testare/proiect/webshop/QA-webshop/build/reports/tests/1631871670498.2.html
Timeout: 4 s.
Caused by: java.lang.IndexOutOfBoundsException: Index 2 out of bounds for length 2
	at com.codeborne.selenide.impl.WebElementSource.createElementNotFoundError(WebElementSource.java:83)
	at com.codeborne.selenide.impl.CollectionElement.createElementNotFoundError(CollectionElement.java:63)
	at com.codeborne.selenide.impl.WebElementSource.checkCondition(WebElementSource.java:114)
	at com.codeborne.selenide.commands.Should.execute(Should.java:30)
	at com.codeborne.selenide.commands.Should.execute(Should.java:14)
	at com.codeborne.selenide.commands.Commands.execute(Commands.java:155)
	at com.codeborne.selenide.impl.SelenideElementProxy.dispatchAndRetry(SelenideElementProxy.java:133)
	at com.codeborne.selenide.impl.SelenideElementProxy.invoke(SelenideElementProxy.java:85)
	at jdk.proxy2/jdk.proxy2.$Proxy8.shouldBe(Unknown Source)
	at webshop.ShopProduct.isOldPriceVisible(ShopProduct.java:101)
	at webshop.ShopProductTests.can_view_old_price_on_sale(ShopProductTests.java:61)
	at java.base/java.util.ArrayList.forEach(ArrayList.java:1511)
Caused by: java.lang.IndexOutOfBoundsException: Index 2 out of bounds for length 2
	at java.base/jdk.internal.util.Preconditions.outOfBounds(Preconditions.java:64)
	at java.base/jdk.internal.util.Preconditions.outOfBoundsCheckIndex(Preconditions.java:70)
	at java.base/jdk.internal.util.Preconditions.checkIndex(Preconditions.java:266)
	at java.base/java.util.Objects.checkIndex(Objects.java:359)
	at java.base/java.util.ArrayList.get(ArrayList.java:427)
	at com.codeborne.selenide.impl.WebElementSelector.findElement(WebElementSelector.java:34)
	at com.codeborne.selenide.impl.BySelectorCollection.getElement(BySelectorCollection.java:47)
	at com.codeborne.selenide.impl.CollectionElement.getWebElement(CollectionElement.java:46)
	at com.codeborne.selenide.impl.WebElementSource.checkCondition(WebElementSource.java:99)
	... 41 more
... Removed 32 stack frames</div></td></tr></table><p class="totop"><a href="#summary">back to summary</a></p>
<h3 id="m3">webshop.ShopProductTests#verify_success_add_to_cart_msg</h3><table class="result"><tr><th>Exception</th></tr><tr><td><div class="stacktrace">Element not found {li.success-msg span}
Expected: visible
Screenshot: file:/C:/Users/Raluca/Documents/testare/proiect/webshop/QA-webshop/build/reports/tests/1631871674744.3.png
Page source: file:/C:/Users/Raluca/Documents/testare/proiect/webshop/QA-webshop/build/reports/tests/1631871674744.3.html
Timeout: 4 s.
Caused by: NoSuchElementException: no such element: Unable to locate element: {&quot;method&quot;:&quot;css selector&quot;,&quot;selector&quot;:&quot;li.success-msg span&quot;}
	at com.codeborne.selenide.impl.WebElementSource.createElementNotFoundError(WebElementSource.java:83)
	at com.codeborne.selenide.impl.ElementFinder.createElementNotFoundError(ElementFinder.java:122)
	at com.codeborne.selenide.impl.WebElementSource.checkCondition(WebElementSource.java:114)
	at com.codeborne.selenide.commands.Should.execute(Should.java:30)
	at com.codeborne.selenide.commands.Should.execute(Should.java:14)
	at com.codeborne.selenide.commands.Commands.execute(Commands.java:155)
	at com.codeborne.selenide.impl.SelenideElementProxy.dispatchAndRetry(SelenideElementProxy.java:133)
	at com.codeborne.selenide.impl.SelenideElementProxy.invoke(SelenideElementProxy.java:85)
	at jdk.proxy2/jdk.proxy2.$Proxy8.shouldBe(Unknown Source)
	at webshop.ShopProduct.isSuccessMsgAddToCartVisible(ShopProduct.java:81)
	at webshop.ShopProductTests.verify_success_add_to_cart_msg(ShopProductTests.java:139)
	at java.base/java.util.ArrayList.forEach(ArrayList.java:1511)
Caused by: org.openqa.selenium.NoSuchElementException: no such element: Unable to locate element: {&quot;method&quot;:&quot;css selector&quot;,&quot;selector&quot;:&quot;li.success-msg span&quot;}
  (Session info: chrome=93.0.4577.82)
For documentation on this error, please visit: https://www.seleniumhq.org/exceptions/no_such_element.html
Build info: version: &apos;3.141.59&apos;, revision: &apos;e82be7d358&apos;, time: &apos;2018-11-14T08:17:03&apos;
System info: host: &apos;DESKTOP-AI7I6V4&apos;, ip: &apos;192.168.0.102&apos;, os.name: &apos;Windows 10&apos;, os.arch: &apos;amd64&apos;, os.version: &apos;10.0&apos;, java.version: &apos;16.0.1&apos;
Driver info: org.openqa.selenium.chrome.ChromeDriver
Capabilities {acceptInsecureCerts: true, browserName: chrome, browserVersion: 93.0.4577.82, chrome: {chromedriverVersion: 93.0.4577.63 (ff5c0da2ec0ad..., userDataDir: C:\Users\Raluca\AppData\Loc...}, goog:chromeOptions: {debuggerAddress: localhost:64714}, javascriptEnabled: true, networkConnectionEnabled: false, pageLoadStrategy: normal, platform: WINDOWS, platformName: WINDOWS, proxy: Proxy(), setWindowRect: true, strictFileInteractability: false, timeouts: {implicit: 0, pageLoad: 300000, script: 30000}, unhandledPromptBehavior: dismiss and notify, webauthn:extension:credBlob: true, webauthn:extension:largeBlob: true, webauthn:virtualAuthenticators: true}
Session ID: 18d2416fc5e3b00d8a84f82493d2b309
*** Element info: {Using=css selector, value=li.success-msg span}
	at org.openqa.selenium.remote.http.W3CHttpResponseCodec.createException(W3CHttpResponseCodec.java:187)
	at org.openqa.selenium.remote.http.W3CHttpResponseCodec.decode(W3CHttpResponseCodec.java:122)
	at org.openqa.selenium.remote.http.W3CHttpResponseCodec.decode(W3CHttpResponseCodec.java:49)
	at org.openqa.selenium.remote.HttpCommandExecutor.execute(HttpCommandExecutor.java:158)
	at org.openqa.selenium.remote.service.DriverCommandExecutor.execute(DriverCommandExecutor.java:83)
	at org.openqa.selenium.remote.RemoteWebDriver.execute(RemoteWebDriver.java:552)
	at org.openqa.selenium.remote.RemoteWebDriver.findElement(RemoteWebDriver.java:323)
	at org.openqa.selenium.remote.RemoteWebDriver.findElementByCssSelector(RemoteWebDriver.java:420)
	at org.openqa.selenium.By$ByCssSelector.findElement(By.java:431)
	at org.openqa.selenium.remote.RemoteWebDriver.findElement(RemoteWebDriver.java:315)
	at com.codeborne.selenide.impl.WebElementSelector.findElement(WebElementSelector.java:70)
	at com.codeborne.selenide.impl.WebElementSelector.findElement(WebElementSelector.java:44)
	at com.codeborne.selenide.impl.WebElementSelector.findElement(WebElementSelector.java:33)
	at com.codeborne.selenide.impl.ElementFinder.getWebElement(ElementFinder.java:102)
	at com.codeborne.selenide.impl.WebElementSource.checkCondition(WebElementSource.java:99)
	... 41 more
... Removed 36 stack frames</div></td></tr></table><p class="totop"><a href="#summary">back to summary</a></p>
<h3 id="m4">webshop.FilterSidebarTests#can_filter_by_blazers</h3><table class="result"><tr><th class="invisible"/></tr></table><p class="totop"><a href="#summary">back to summary</a></p>
<h3 id="m5">webshop.FilterSidebarTests#can_filter_by_price_kitchen_devices</h3><table class="result"><tr><th class="invisible"/></tr></table><p class="totop"><a href="#summary">back to summary</a></p>
<h3 id="m6">webshop.LoginFormTests#can_login_with_valid_credentials</h3><table class="result"><tr class="param"><th>Parameter #1</th></tr><tr class="param stripe"><td>Correct_Login_with_email_test1</td></tr></table><p class="totop"><a href="#summary">back to summary</a></p>
<h3 id="m7">webshop.LoginFormTests#can_logout</h3><table class="result"><tr class="param"><th>Parameter #1</th></tr><tr class="param stripe"><td>Correct_Login_with_email_test1</td></tr></table><p class="totop"><a href="#summary">back to summary</a></p>
<h3 id="m8">webshop.LoginFormTests#cannot_login_with_wrong_password</h3><table class="result"><tr><th class="invisible"/></tr></table><p class="totop"><a href="#summary">back to summary</a></p>
<h3 id="m9">webshop.LoginFormTests#cannot_login_without_required_credentials</h3><table class="result"><tr><th class="invisible"/></tr></table><p class="totop"><a href="#summary">back to summary</a></p>
<h3 id="m10">webshop.LoginFormTests#click_login_links</h3><table class="result"><tr><th class="invisible"/></tr></table><p class="totop"><a href="#summary">back to summary</a></p>
<h3 id="m11">webshop.MenuItemsTests#can_access_menu</h3><table class="result"><tr><th class="invisible"/></tr></table><p class="totop"><a href="#summary">back to summary</a></p>
<h3 id="m12">webshop.RegisterFormTests#can_register_with_valid_credentials</h3><table class="result"><tr class="param"><th>Parameter #1</th></tr><tr class="param stripe"><td>Correct_register_with_test1</td></tr></table><p class="totop"><a href="#summary">back to summary</a></p>
<h3 id="m13">webshop.RegisterFormTests#can_register_with_valid_credentials</h3><table class="result"><tr class="param"><th>Parameter #1</th></tr><tr class="param stripe"><td>Correct_register_with_test2</td></tr></table><p class="totop"><a href="#summary">back to summary</a></p>
<h3 id="m14">webshop.SearchProductTests#can_search_by_name</h3><table class="result"><tr class="param"><th>Parameter #1</th></tr><tr class="param stripe"><td>Correct_Search_with_Product1</td></tr></table><p class="totop"><a href="#summary">back to summary</a></p>
<h3 id="m15">webshop.SearchProductTests#can_search_by_name</h3><table class="result"><tr class="param"><th>Parameter #1</th></tr><tr class="param stripe"><td>Correct_Search_with_Product2</td></tr></table><p class="totop"><a href="#summary">back to summary</a></p>
<h3 id="m16">webshop.ShopProductTests#can_add_a_review_to_books</h3><table class="result"><tr><th class="invisible"/></tr></table><p class="totop"><a href="#summary">back to summary</a></p>
<h3 id="m17">webshop.ShopProductTests#can_add_to_cart_pants</h3><table class="result"><tr><th class="invisible"/></tr></table><p class="totop"><a href="#summary">back to summary</a></p>
<h3 id="m18">webshop.ShopProductTests#can_add_to_cart_shirts_men</h3><table class="result"><tr><th class="invisible"/></tr></table><p class="totop"><a href="#summary">back to summary</a></p>
<h3 id="m19">webshop.ShopProductTests#can_add_to_wishlist_men_cloths</h3><table class="result"><tr><th class="invisible"/></tr></table><p class="totop"><a href="#summary">back to summary</a></p>
<h3 id="m20">webshop.ShopProductTests#can_change_the_quantity</h3><table class="result"><tr><th class="invisible"/></tr></table><p class="totop"><a href="#summary">back to summary</a></p>
<h3 id="m21">webshop.ShopProductTests#can_delete_items_from_cart</h3><table class="result"><tr><th class="invisible"/></tr></table><p class="totop"><a href="#summary">back to summary</a></p>
<h3 id="m22">webshop.ShopProductTests#can_open_tab</h3><table class="result"><tr><th class="invisible"/></tr></table><p class="totop"><a href="#summary">back to summary</a></p>
<h3 id="m23">webshop.ShopProductTests#can_shop_little_ones_things</h3><table class="result"><tr><th class="invisible"/></tr></table><p class="totop"><a href="#summary">back to summary</a></p>
</body>
</html>
